build/app/intermediates/proguard-rules/release/aapt_rules.txt
# Referenced at merged_manifests/release/AndroidManifest.xml:17
-keep class androidx.core.app.CoreComponentFactory { <init>(); }
# Referenced at merged_manifests/release/AndroidManifest.xml:22
-keep class com.aplicativo_dm.carolina.picoli.MainActivity { <init>(); }
# Referenced at merged_manifests/release/AndroidManifest.xml:17
-keep class io.flutter.app.FlutterApplication { <init>(); }
# Referenced at merged_manifests/release/AndroidManifest.xml:64
-keep class io.flutter.plugins.urllauncher.WebViewActivity { <init>(); }